2025-07-11 23:13:52,962 - memory_module - INFO - Database initialized successfully
2025-07-11 23:13:52,964 - text_processor - INFO - Initializing ML correction engine...
2025-07-11 23:13:53,506 - text_processor - ERROR - Failed to load ML model: Your currently installed version of Keras is Keras 3, but this is not yet supported in Transformers. Please install the backwards-compatible tf-keras package with `pip install tf-keras`.
2025-07-11 23:13:53,507 - text_processor - INFO - ML engine initialized successfully
2025-07-11 23:13:53,508 - __main__ - INFO - Intelligent Autocorrect System initialized
2025-07-11 23:13:53,509 - keyboard_monitor - INFO - Starting keyboard monitoring...
2025-07-11 23:13:53,550 - __main__ - INFO - Autocorrect system started successfully
2025-07-11 23:16:37,255 - pystray._base - ERROR - An error occurred when calling message handler
Traceback (most recent call last):
  File "C:\Program Files\Python312\Lib\site-packages\pystray\_win32.py", line 412, in _dispatcher
    return int(icon._message_handlers.get(
               ^^^^^^^^^^^^^^^^^^^^^^^^^^^
  File "C:\Program Files\Python312\Lib\site-packages\pystray\_win32.py", line 224, in _on_notify
    descriptors[index - 1](self)
  File "C:\Program Files\Python312\Lib\site-packages\pystray\_base.py", line 328, in inner
    callback(self)
  File "C:\Program Files\Python312\Lib\site-packages\pystray\_base.py", line 453, in __call__
    return self._action(icon, self)
           ^^^^^^^^^^^^^^^^^^^^^^^^
  File "E:\intelligent-autocorrect-system\ui_components.py", line 101, in show_config
    self.main_system.show_config_window()
  File "E:\intelligent-autocorrect-system\main.py", line 148, in show_config_window
    self.config_window.show()
  File "E:\intelligent-autocorrect-system\ui_components.py", line 149, in show
    if self.window and self.window.winfo_exists():
                       ^^^^^^^^^^^^^^^^^^^^^^^^^^
  File "C:\Program Files\Python312\Lib\tkinter\__init__.py", line 1140, in winfo_exists
    self.tk.call('winfo', 'exists', self._w))
    ^^^^^^^^^^^^^^^^^^^^^^^^^^^^^^^^^^^^^^^^
_tkinter.TclError: can't invoke "winfo" command: application has been destroyed
2025-07-11 23:17:05,502 - keyboard_monitor - INFO - Keyboard monitoring paused
2025-07-11 23:17:05,502 - __main__ - INFO - System paused
2025-07-11 23:17:23,486 - pystray._base - ERROR - An error occurred when calling message handler
Traceback (most recent call last):
  File "C:\Program Files\Python312\Lib\site-packages\pystray\_win32.py", line 412, in _dispatcher
    return int(icon._message_handlers.get(
               ^^^^^^^^^^^^^^^^^^^^^^^^^^^
  File "C:\Program Files\Python312\Lib\site-packages\pystray\_win32.py", line 224, in _on_notify
    descriptors[index - 1](self)
  File "C:\Program Files\Python312\Lib\site-packages\pystray\_base.py", line 328, in inner
    callback(self)
  File "C:\Program Files\Python312\Lib\site-packages\pystray\_base.py", line 453, in __call__
    return self._action(icon, self)
           ^^^^^^^^^^^^^^^^^^^^^^^^
  File "E:\intelligent-autocorrect-system\ui_components.py", line 101, in show_config
    self.main_system.show_config_window()
  File "E:\intelligent-autocorrect-system\main.py", line 148, in show_config_window
    self.config_window.show()
  File "E:\intelligent-autocorrect-system\ui_components.py", line 149, in show
    if self.window and self.window.winfo_exists():
                       ^^^^^^^^^^^^^^^^^^^^^^^^^^
  File "C:\Program Files\Python312\Lib\tkinter\__init__.py", line 1140, in winfo_exists
    self.tk.call('winfo', 'exists', self._w))
    ^^^^^^^^^^^^^^^^^^^^^^^^^^^^^^^^^^^^^^^^
_tkinter.TclError: can't invoke "winfo" command: application has been destroyed
2025-07-11 23:19:17,743 - keyboard_monitor - INFO - Keyboard monitoring stopped
2025-07-11 23:19:17,744 - __main__ - INFO - Autocorrect system stopped
2025-07-11 23:23:45,747 - memory_module - INFO - Database initialized successfully
2025-07-11 23:23:45,748 - text_processor - INFO - Initializing ML correction engine...
2025-07-11 23:23:46,157 - text_processor - ERROR - Failed to load ML model: Your currently installed version of Keras is Keras 3, but this is not yet supported in Transformers. Please install the backwards-compatible tf-keras package with `pip install tf-keras`.
2025-07-11 23:23:46,158 - text_processor - INFO - ML engine initialized successfully
2025-07-11 23:23:46,158 - __main__ - INFO - Intelligent Autocorrect System initialized
2025-07-11 23:23:46,160 - keyboard_monitor - INFO - Starting keyboard monitoring...
2025-07-11 23:23:46,172 - __main__ - INFO - Autocorrect system started successfully
2025-07-11 23:24:21,527 - pystray._base - ERROR - An error occurred when calling message handler
Traceback (most recent call last):
  File "C:\Program Files\Python312\Lib\site-packages\pystray\_win32.py", line 412, in _dispatcher
    return int(icon._message_handlers.get(
               ^^^^^^^^^^^^^^^^^^^^^^^^^^^
  File "C:\Program Files\Python312\Lib\site-packages\pystray\_win32.py", line 224, in _on_notify
    descriptors[index - 1](self)
  File "C:\Program Files\Python312\Lib\site-packages\pystray\_base.py", line 328, in inner
    callback(self)
  File "C:\Program Files\Python312\Lib\site-packages\pystray\_base.py", line 453, in __call__
    return self._action(icon, self)
           ^^^^^^^^^^^^^^^^^^^^^^^^
  File "E:\intelligent-autocorrect-system\ui_components.py", line 101, in show_config
    self.main_system.show_config_window()
  File "E:\intelligent-autocorrect-system\main.py", line 148, in show_config_window
    self.config_window.show()
  File "E:\intelligent-autocorrect-system\ui_components.py", line 163, in show
    self.create_window()
  File "E:\intelligent-autocorrect-system\ui_components.py", line 197, in create_window
    ttk.Button(button_frame, text="Reset to Defaults", command=self.reset_config).pack(side=tk.LEFT)
                                                               ^^^^^^^^^^^^^^^^^
AttributeError: 'ConfigWindow' object has no attribute 'reset_config'. Did you mean: 'save_config'?
2025-07-11 23:25:07,083 - root - INFO - Configuration saved successfully
2025-07-11 23:25:07,083 - __main__ - INFO - Configuration updated
2025-07-11 23:26:32,082 - pystray._base - ERROR - An error occurred when calling message handler
Traceback (most recent call last):
  File "C:\Program Files\Python312\Lib\site-packages\pystray\_win32.py", line 412, in _dispatcher
    return int(icon._message_handlers.get(
               ^^^^^^^^^^^^^^^^^^^^^^^^^^^
  File "C:\Program Files\Python312\Lib\site-packages\pystray\_win32.py", line 224, in _on_notify
    descriptors[index - 1](self)
  File "C:\Program Files\Python312\Lib\site-packages\pystray\_base.py", line 328, in inner
    callback(self)
  File "C:\Program Files\Python312\Lib\site-packages\pystray\_base.py", line 453, in __call__
    return self._action(icon, self)
           ^^^^^^^^^^^^^^^^^^^^^^^^
  File "E:\intelligent-autocorrect-system\ui_components.py", line 109, in show_history
    HistoryWindow(self.main_system)
  File "E:\intelligent-autocorrect-system\ui_components.py", line 551, in __init__
    self.create_window()
  File "E:\intelligent-autocorrect-system\ui_components.py", line 587, in create_window
    self.tree.grid(row=0, column=0, sticky='nsew')
  File "C:\Program Files\Python312\Lib\tkinter\__init__.py", line 2580, in grid_configure
    self.tk.call(
_tkinter.TclError: cannot use geometry manager grid inside .!toplevel2.!frame which already has slaves managed by pack
2025-07-11 23:26:47,471 - keyboard_monitor - INFO - Keyboard monitoring paused
2025-07-11 23:26:47,471 - __main__ - INFO - System paused
2025-07-11 23:26:54,514 - keyboard_monitor - INFO - Keyboard monitoring resumed
2025-07-11 23:26:54,514 - __main__ - INFO - System resumed
2025-07-11 23:27:17,029 - keyboard_monitor - INFO - Keyboard monitoring stopped
2025-07-11 23:27:17,029 - __main__ - INFO - Autocorrect system stopped
2025-07-11 23:34:23,002 - memory_module - INFO - Database initialized successfully
2025-07-11 23:34:23,006 - text_processor - INFO - Initializing ML correction engine...
2025-07-11 23:34:23,396 - text_processor - ERROR - Failed to load ML model: Your currently installed version of Keras is Keras 3, but this is not yet supported in Transformers. Please install the backwards-compatible tf-keras package with `pip install tf-keras`.
2025-07-11 23:34:23,396 - text_processor - INFO - ML engine initialized successfully
2025-07-11 23:34:23,396 - __main__ - INFO - Intelligent Autocorrect System initialized
2025-07-11 23:34:23,396 - keyboard_monitor - INFO - Starting keyboard monitoring...
2025-07-11 23:34:23,406 - __main__ - INFO - Autocorrect system started successfully
2025-07-11 23:49:14,549 - memory_module - INFO - Database initialized successfully
2025-07-11 23:49:14,551 - text_processor - INFO - Initializing ML correction engine...
2025-07-11 23:49:15,007 - text_processor - ERROR - Failed to load ML model: Your currently installed version of Keras is Keras 3, but this is not yet supported in Transformers. Please install the backwards-compatible tf-keras package with `pip install tf-keras`.
2025-07-11 23:49:15,008 - text_processor - INFO - ML engine initialized successfully
2025-07-11 23:49:15,009 - __main__ - INFO - Intelligent Autocorrect System initialized
2025-07-11 23:49:15,010 - keyboard_monitor - INFO - Starting keyboard monitoring...
2025-07-11 23:49:15,025 - __main__ - INFO - Autocorrect system started successfully
2025-07-11 23:54:03,298 - root - INFO - Configuration saved successfully
2025-07-11 23:54:03,298 - __main__ - INFO - Configuration updated
2025-07-11 23:56:04,190 - root - INFO - Configuration saved successfully
2025-07-11 23:56:04,191 - __main__ - INFO - Configuration updated
2025-07-11 23:56:28,182 - root - INFO - Configuration saved successfully
2025-07-11 23:56:28,182 - __main__ - INFO - Configuration updated
[2025-07-21 22:30:50,341] [memory_module] [INFO] - Database initialized successfully
[2025-07-21 22:30:50,341] [text_processor] [INFO] - Initializing ML correction engine...
[2025-07-21 22:30:50,345] [urllib3.connectionpool] [DEBUG] - Starting new HTTPS connection (1): huggingface.co:443
[2025-07-21 22:30:50,654] [urllib3.connectionpool] [DEBUG] - https://huggingface.co:443 "HEAD /facebook/bart-base/resolve/main/config.json HTTP/1.1" 307 0
[2025-07-21 22:30:50,681] [urllib3.connectionpool] [DEBUG] - https://huggingface.co:443 "HEAD /api/resolve-cache/models/facebook/bart-base/aadd2ab0ae0c8268c7c9693540e9904811f36177/config.json HTTP/1.1" 200 0
[2025-07-21 22:30:50,721] [text_processor] [ERROR] - Failed to load ML model: Your currently installed version of Keras is Keras 3, but this is not yet supported in Transformers. Please install the backwards-compatible tf-keras package with `pip install tf-keras`.
[2025-07-21 22:30:50,721] [text_processor] [INFO] - ML engine initialized successfully
[2025-07-21 22:30:50,727] [main] [INFO] - Autocorrect system initialized and running
[2025-07-21 22:30:50,727] [keyboard_monitor] [INFO] - Starting keyboard monitoring...
[2025-07-21 22:30:50,745] [main] [INFO] - Autocorrect system started successfully
[2025-07-21 22:34:26,666] [text_injector] [DEBUG] - Successfully replaced 'teh' with 'the'
[2025-07-21 22:34:26,670] [main] [INFO] - Applied correction: 'teh' -> 'the'
[2025-07-21 22:34:57,759] [text_injector] [DEBUG] - Successfully replaced 'teh' with 'the'
[2025-07-21 22:34:57,775] [main] [INFO] - Applied correction: 'teh' -> 'the'
[2025-07-21 22:36:53,871] [text_injector] [DEBUG] - Successfully replaced 'adn' with 'and'
[2025-07-21 22:36:53,877] [main] [INFO] - Applied correction: 'adn' -> 'and'
[2025-07-21 22:37:07,823] [text_injector] [DEBUG] - Successfully replaced 'occured' with 'occurred'
[2025-07-21 22:37:07,823] [main] [INFO] - Applied correction: 'occured' -> 'occurred'
[2025-07-21 22:38:57,920] [memory_module] [INFO] - Data exported to autocorrect_export.csv
[2025-07-21 22:41:12,013] [root] [INFO] - Configuration saved successfully
[2025-07-21 22:41:12,013] [main] [INFO] - Configuration updated
[2025-07-21 22:41:18,793] [root] [INFO] - Configuration saved successfully
[2025-07-21 22:41:18,793] [main] [INFO] - Configuration updated
[2025-07-21 22:41:35,922] [text_injector] [DEBUG] - Successfully replaced 'teh' with 'the'
[2025-07-21 22:41:35,934] [main] [INFO] - Applied correction: 'teh' -> 'the'
[2025-07-21 22:41:40,118] [text_injector] [DEBUG] - Successfully replaced 'teh' with 'the'
[2025-07-21 22:41:40,124] [main] [INFO] - Applied correction: 'teh' -> 'the'
[2025-07-21 22:41:45,587] [text_injector] [DEBUG] - Successfully replaced 'occured' with 'occurred'
[2025-07-21 22:41:45,600] [main] [INFO] - Applied correction: 'occured' -> 'occurred'
[2025-07-21 22:41:51,412] [text_injector] [DEBUG] - Successfully replaced 'teh' with 'the'
[2025-07-21 22:41:51,417] [main] [INFO] - Applied correction: 'teh' -> 'the'
[2025-07-21 22:42:29,949] [text_injector] [DEBUG] - Successfully replaced 'goverment' with 'government'
[2025-07-21 22:42:29,952] [main] [INFO] - Applied correction: 'goverment' -> 'government'
[2025-07-21 22:42:51,461] [text_injector] [DEBUG] - Successfully replaced 'collegue' with 'colleague'
[2025-07-21 22:42:51,472] [main] [INFO] - Applied correction: 'collegue' -> 'colleague'
[2025-07-21 22:42:59,215] [text_injector] [DEBUG] - Successfully replaced 'seperate' with 'separate'
[2025-07-21 22:42:59,227] [main] [INFO] - Applied correction: 'seperate' -> 'separate'
[2025-07-21 22:44:46,330] [keyboard_monitor] [INFO] - Keyboard monitoring paused
[2025-07-21 22:44:46,332] [main] [INFO] - System paused
[2025-07-21 22:44:58,221] [keyboard_monitor] [INFO] - Keyboard monitoring resumed
[2025-07-21 22:44:58,221] [main] [INFO] - System resumed
[2025-07-21 22:46:16,401] [text_injector] [DEBUG] - Successfully replaced 'teh' with 'the'
[2025-07-21 22:46:16,417] [main] [INFO] - Applied correction: 'teh' -> 'the'
[2025-07-21 22:47:16,840] [keyboard_monitor] [INFO] - Keyboard monitoring stopped
[2025-07-21 22:47:16,840] [main] [INFO] - Autocorrect system stopped
[2025-07-22 08:50:10,418] [memory_module] [INFO] - Database initialized successfully
[2025-07-22 08:50:10,418] [text_processor] [INFO] - Initializing ML correction engine...
[2025-07-22 08:50:10,434] [urllib3.connectionpool] [DEBUG] - Starting new HTTPS connection (1): huggingface.co:443
[2025-07-22 08:50:10,893] [urllib3.connectionpool] [DEBUG] - https://huggingface.co:443 "HEAD /facebook/bart-base/resolve/main/config.json HTTP/1.1" 307 0
[2025-07-22 08:50:10,957] [urllib3.connectionpool] [DEBUG] - https://huggingface.co:443 "HEAD /api/resolve-cache/models/facebook/bart-base/aadd2ab0ae0c8268c7c9693540e9904811f36177/config.json HTTP/1.1" 200 0
[2025-07-22 08:50:11,037] [text_processor] [ERROR] - Failed to load ML model: Your currently installed version of Keras is Keras 3, but this is not yet supported in Transformers. Please install the backwards-compatible tf-keras package with `pip install tf-keras`.
[2025-07-22 08:50:11,037] [text_processor] [INFO] - ML engine initialized successfully
[2025-07-22 08:50:11,037] [main] [INFO] - Autocorrect system initialized and running
[2025-07-22 08:50:11,037] [keyboard_monitor] [INFO] - Starting keyboard monitoring...
[2025-07-22 08:50:11,069] [main] [INFO] - Autocorrect system started successfully
[2025-07-22 08:53:34,084] [text_injector] [DEBUG] - Successfully replaced 'occured' with 'occurred'
[2025-07-22 08:53:34,094] [main] [INFO] - Applied correction: 'occured' -> 'occurred'
[2025-07-22 08:53:43,265] [text_injector] [DEBUG] - Successfully replaced 'teh' with 'the'
[2025-07-22 08:53:43,265] [main] [INFO] - Applied correction: 'teh' -> 'the'
[2025-07-22 08:53:49,734] [text_injector] [DEBUG] - Successfully replaced 'teh' with 'the'
[2025-07-22 08:53:49,745] [main] [INFO] - Applied correction: 'teh' -> 'the'
[2025-07-22 08:53:52,976] [text_injector] [DEBUG] - Successfully replaced 'teh' with 'the'
[2025-07-22 08:53:53,001] [main] [INFO] - Applied correction: 'teh' -> 'the'
[2025-07-22 08:54:03,637] [text_injector] [DEBUG] - Successfully replaced 'teh' with 'the'
[2025-07-22 08:54:03,645] [main] [INFO] - Applied correction: 'teh' -> 'the'
[2025-07-22 08:54:10,836] [text_injector] [DEBUG] - Successfully replaced 'teh' with 'the'
[2025-07-22 08:54:10,859] [main] [INFO] - Applied correction: 'teh' -> 'the'
[2025-07-22 08:54:31,610] [text_injector] [DEBUG] - Successfully replaced 'teh' with 'the'
[2025-07-22 08:54:31,627] [main] [INFO] - Applied correction: 'teh' -> 'the'
[2025-07-22 08:54:41,212] [text_injector] [DEBUG] - Successfully replaced 'occured' with 'occurred'
[2025-07-22 08:54:41,236] [main] [INFO] - Applied correction: 'occured' -> 'occurred'
[2025-07-22 13:01:44,218] [memory_module] [INFO] - Database initialized successfully
[2025-07-22 13:01:44,231] [text_processor] [INFO] - Initializing ML correction engine...
[2025-07-22 13:01:44,233] [urllib3.connectionpool] [DEBUG] - Starting new HTTPS connection (1): huggingface.co:443
[2025-07-22 13:01:49,140] [urllib3.connectionpool] [DEBUG] - https://huggingface.co:443 "HEAD /facebook/bart-base/resolve/main/config.json HTTP/1.1" 307 0
[2025-07-22 13:01:50,914] [urllib3.connectionpool] [DEBUG] - https://huggingface.co:443 "HEAD /api/resolve-cache/models/facebook/bart-base/aadd2ab0ae0c8268c7c9693540e9904811f36177/config.json HTTP/1.1" 200 0
[2025-07-22 13:01:54,401] [tensorflow] [WARNING] - From C:\Program Files\Python312\Lib\site-packages\tf_keras\src\losses.py:2976: The name tf.losses.sparse_softmax_cross_entropy is deprecated. Please use tf.compat.v1.losses.sparse_softmax_cross_entropy instead.

[2025-07-22 13:01:56,953] [urllib3.connectionpool] [DEBUG] - https://huggingface.co:443 "HEAD /facebook/bart-base/resolve/main/model.safetensors HTTP/1.1" 302 0
[2025-07-22 13:01:56,969] [filelock] [DEBUG] - Attempting to acquire lock 2182775774368 on C:\Users\kushal\.cache\huggingface\hub\.locks\models--facebook--bart-base\1bd3ac8e5b3ac71c77cf18fbcd8b113e0bfceced94c5cfbbb9a2b4bb4781190b.lock
[2025-07-22 13:01:56,969] [filelock] [DEBUG] - Lock 2182775774368 acquired on C:\Users\kushal\.cache\huggingface\hub\.locks\models--facebook--bart-base\1bd3ac8e5b3ac71c77cf18fbcd8b113e0bfceced94c5cfbbb9a2b4bb4781190b.lock
[2025-07-22 13:01:56,969] [huggingface_hub.file_download] [WARNING] - Xet Storage is enabled for this repo, but the 'hf_xet' package is not installed. Falling back to regular HTTP download. For better performance, install the package with: `pip install huggingface_hub[hf_xet]` or `pip install hf_xet`
[2025-07-22 13:01:59,264] [urllib3.connectionpool] [DEBUG] - https://huggingface.co:443 "GET /facebook/bart-base/resolve/main/model.safetensors HTTP/1.1" 302 1321
[2025-07-22 13:01:59,264] [urllib3.connectionpool] [DEBUG] - Starting new HTTPS connection (1): cas-bridge.xethub.hf.co:443
[2025-07-22 13:02:04,757] [urllib3.connectionpool] [DEBUG] - https://cas-bridge.xethub.hf.co:443 "GET /xet-bridge-us/621ffdc136468d709f17adb5/e0f8134343cb241a14e2fbebc8ff53f12faf1e8ab2e0d27bff0d44b2ac561ed0?X-Amz-Algorithm=AWS4-HMAC-SHA256&X-Amz-Content-Sha256=UNSIGNED-PAYLOAD&X-Amz-Credential=cas%2F20250722%2Fus-east-1%2Fs3%2Faws4_request&X-Amz-Date=20250722T073159Z&X-Amz-Expires=3600&X-Amz-Signature=3222ac7febc3e4cdcd50ff7195ae5d5d3c32195ddd83c877affe04f285ef45ca&X-Amz-SignedHeaders=host&X-Xet-Cas-Uid=public&response-content-disposition=inline%3B+filename*%3DUTF-8%27%27model.safetensors%3B+filename%3D%22model.safetensors%22%3B&x-id=GetObject&Expires=1753173119&Policy=eyJTdGF0ZW1lbnQiOlt7IkNvbmRpdGlvbiI6eyJEYXRlTGVzc1RoYW4iOnsiQVdTOkVwb2NoVGltZSI6MTc1MzE3MzExOX19LCJSZXNvdXJjZSI6Imh0dHBzOi8vY2FzLWJyaWRnZS54ZXRodWIuaGYuY28veGV0LWJyaWRnZS11cy82MjFmZmRjMTM2NDY4ZDcwOWYxN2FkYjUvZTBmODEzNDM0M2NiMjQxYTE0ZTJmYmViYzhmZjUzZjEyZmFmMWU4YWIyZTBkMjdiZmYwZDQ0YjJhYzU2MWVkMCoifV19&Signature=TDwmnJ-BFiibjpN2IQlXJRTHBT7welK5Rt6GebYdXrcSXCbXLBdpdLeoD6p1gpIaW6KcDXS1NBwBOujGnFGUlUYlEhAOr4iHaRArJJHB~VJ7Wu5srp749YEAeFysNr0D7XK6nIAGLbMSb~w4fZcT1dUCtZ~0f1Ior3rWaym9DkAdW5Fh4kHWUT1BhTvItuSM~Eo2G6sGQ5YPiSYapNWFMcvT7BPdnt-nCMomdM-3-tHMrb8mqJAfOZB7eOLGSqal1OrTmHBa6k-9-TaZ32IIHTGF~C5N4PlkE3msSiJspU1TyxNxi97aRpVPLOoX4fIiV6pBJC2h3sMoY0C5uiY-uQ__&Key-Pair-Id=K2L8F4GPSG1IFC HTTP/1.1" 200 557709915
[2025-07-22 13:02:56,892] [huggingface_hub.file_download] [WARNING] - Error while downloading from https://huggingface.co/facebook/bart-base/resolve/main/model.safetensors: HTTPSConnectionPool(host='cas-bridge.xethub.hf.co', port=443): Read timed out.
Trying to resume download...
[2025-07-22 13:02:57,910] [urllib3.connectionpool] [DEBUG] - Starting new HTTPS connection (1): huggingface.co:443
[2025-07-22 13:02:59,216] [urllib3.connectionpool] [DEBUG] - https://huggingface.co:443 "GET /facebook/bart-base/resolve/main/model.safetensors HTTP/1.1" 302 1325
[2025-07-22 13:02:59,222] [urllib3.connectionpool] [DEBUG] - Starting new HTTPS connection (1): cas-bridge.xethub.hf.co:443
[2025-07-22 13:02:59,619] [urllib3.connectionpool] [DEBUG] - https://cas-bridge.xethub.hf.co:443 "GET /xet-bridge-us/621ffdc136468d709f17adb5/e0f8134343cb241a14e2fbebc8ff53f12faf1e8ab2e0d27bff0d44b2ac561ed0?X-Amz-Algorithm=AWS4-HMAC-SHA256&X-Amz-Content-Sha256=UNSIGNED-PAYLOAD&X-Amz-Credential=cas%2F20250722%2Fus-east-1%2Fs3%2Faws4_request&X-Amz-Date=20250722T071941Z&X-Amz-Expires=3600&X-Amz-Signature=2964a3099c46dd428a8b822a47c2c5cb38ba1cef440a34679845deaca1996fac&X-Amz-SignedHeaders=host&X-Xet-Cas-Uid=public&response-content-disposition=inline%3B+filename*%3DUTF-8%27%27model.safetensors%3B+filename%3D%22model.safetensors%22%3B&x-id=GetObject&Expires=1753172381&Policy=eyJTdGF0ZW1lbnQiOlt7IkNvbmRpdGlvbiI6eyJEYXRlTGVzc1RoYW4iOnsiQVdTOkVwb2NoVGltZSI6MTc1MzE3MjM4MX19LCJSZXNvdXJjZSI6Imh0dHBzOi8vY2FzLWJyaWRnZS54ZXRodWIuaGYuY28veGV0LWJyaWRnZS11cy82MjFmZmRjMTM2NDY4ZDcwOWYxN2FkYjUvZTBmODEzNDM0M2NiMjQxYTE0ZTJmYmViYzhmZjUzZjEyZmFmMWU4YWIyZTBkMjdiZmYwZDQ0YjJhYzU2MWVkMCoifV19&Signature=CF0TsOsEhuElH~0eT71FLJ3~L0M4dR2nRgXh4qkehRtaNX~l1ZeBs7Z44GCeT~cneI3pTYYhi2oO1aF8XdVxv9HOnJ-If9mlEpcL8BRk3xV76l1MGmH17wBLtKcTXkXUXgfPVK8e2WJAymzjwFC1r-aY3I3fKVANiMgtfWr1BkaaWofUfVBDKyr4dG4yOuuPOO0PkLRcOCf9IoJtwPvUaKdr8-8KaK~w5IrdegS2-5jlgIZRjqLbaJVcGlDYZs9neibJy2xf7tgzG2r5GX4CXTpcMQe2nkx3va4zmJiasimd8~KXNGQraxdIDgyPR3596z0dGUn2xC5tFXfXJqe~qQ__&Key-Pair-Id=K2L8F4GPSG1IFC HTTP/1.1" 200 557709915
[2025-07-22 13:03:31,273] [filelock] [DEBUG] - Attempting to release lock 2182775774368 on C:\Users\kushal\.cache\huggingface\hub\.locks\models--facebook--bart-base\1bd3ac8e5b3ac71c77cf18fbcd8b113e0bfceced94c5cfbbb9a2b4bb4781190b.lock
[2025-07-22 13:03:31,275] [filelock] [DEBUG] - Lock 2182775774368 released on C:\Users\kushal\.cache\huggingface\hub\.locks\models--facebook--bart-base\1bd3ac8e5b3ac71c77cf18fbcd8b113e0bfceced94c5cfbbb9a2b4bb4781190b.lock
[2025-07-22 13:07:42,883] [memory_module] [INFO] - Database initialized successfully
[2025-07-22 13:07:42,885] [text_processor] [INFO] - Initializing ML correction engine...
[2025-07-22 13:07:42,891] [urllib3.connectionpool] [DEBUG] - Starting new HTTPS connection (1): huggingface.co:443
[2025-07-22 13:07:49,457] [urllib3.connectionpool] [DEBUG] - https://huggingface.co:443 "HEAD /facebook/bart-base/resolve/main/config.json HTTP/1.1" 307 0
[2025-07-22 13:07:49,903] [urllib3.connectionpool] [DEBUG] - https://huggingface.co:443 "HEAD /api/resolve-cache/models/facebook/bart-base/aadd2ab0ae0c8268c7c9693540e9904811f36177/config.json HTTP/1.1" 200 0
[2025-07-22 13:07:54,602] [tensorflow] [WARNING] - From C:\Program Files\Python312\Lib\site-packages\tf_keras\src\losses.py:2976: The name tf.losses.sparse_softmax_cross_entropy is deprecated. Please use tf.compat.v1.losses.sparse_softmax_cross_entropy instead.

[2025-07-22 13:07:57,742] [urllib3.connectionpool] [DEBUG] - https://huggingface.co:443 "HEAD /facebook/bart-base/resolve/main/model.safetensors HTTP/1.1" 302 0
[2025-07-22 13:07:57,747] [filelock] [DEBUG] - Attempting to acquire lock 3110685505104 on C:\Users\kushal\.cache\huggingface\hub\.locks\models--facebook--bart-base\1bd3ac8e5b3ac71c77cf18fbcd8b113e0bfceced94c5cfbbb9a2b4bb4781190b.lock
[2025-07-22 13:07:57,748] [filelock] [DEBUG] - Lock 3110685505104 acquired on C:\Users\kushal\.cache\huggingface\hub\.locks\models--facebook--bart-base\1bd3ac8e5b3ac71c77cf18fbcd8b113e0bfceced94c5cfbbb9a2b4bb4781190b.lock
[2025-07-22 13:07:57,752] [huggingface_hub.file_download] [WARNING] - Xet Storage is enabled for this repo, but the 'hf_xet' package is not installed. Falling back to regular HTTP download. For better performance, install the package with: `pip install huggingface_hub[hf_xet]` or `pip install hf_xet`
[2025-07-22 13:08:01,476] [urllib3.connectionpool] [DEBUG] - https://huggingface.co:443 "GET /facebook/bart-base/resolve/main/model.safetensors HTTP/1.1" 302 1329
[2025-07-22 13:08:01,479] [urllib3.connectionpool] [DEBUG] - Starting new HTTPS connection (1): cas-bridge.xethub.hf.co:443
[2025-07-22 13:08:21,040] [filelock] [DEBUG] - Attempting to release lock 3110685505104 on C:\Users\kushal\.cache\huggingface\hub\.locks\models--facebook--bart-base\1bd3ac8e5b3ac71c77cf18fbcd8b113e0bfceced94c5cfbbb9a2b4bb4781190b.lock
[2025-07-22 13:08:21,042] [filelock] [DEBUG] - Lock 3110685505104 released on C:\Users\kushal\.cache\huggingface\hub\.locks\models--facebook--bart-base\1bd3ac8e5b3ac71c77cf18fbcd8b113e0bfceced94c5cfbbb9a2b4bb4781190b.lock
[2025-07-22 13:08:27,202] [urllib3.connectionpool] [DEBUG] - https://huggingface.co:443 "HEAD /facebook/bart-base/resolve/main/model.safetensors HTTP/1.1" 302 0
[2025-07-22 13:08:27,207] [filelock] [DEBUG] - Attempting to acquire lock 3110685860272 on C:\Users\kushal\.cache\huggingface\hub\.locks\models--facebook--bart-base\1bd3ac8e5b3ac71c77cf18fbcd8b113e0bfceced94c5cfbbb9a2b4bb4781190b.lock
[2025-07-22 13:08:27,216] [filelock] [DEBUG] - Lock 3110685860272 acquired on C:\Users\kushal\.cache\huggingface\hub\.locks\models--facebook--bart-base\1bd3ac8e5b3ac71c77cf18fbcd8b113e0bfceced94c5cfbbb9a2b4bb4781190b.lock
[2025-07-22 13:08:27,220] [huggingface_hub.file_download] [WARNING] - Xet Storage is enabled for this repo, but the 'hf_xet' package is not installed. Falling back to regular HTTP download. For better performance, install the package with: `pip install huggingface_hub[hf_xet]` or `pip install hf_xet`
[2025-07-22 13:08:28,995] [urllib3.connectionpool] [DEBUG] - https://huggingface.co:443 "GET /facebook/bart-base/resolve/main/model.safetensors HTTP/1.1" 302 1321
[2025-07-22 13:08:28,999] [urllib3.connectionpool] [DEBUG] - Starting new HTTPS connection (2): cas-bridge.xethub.hf.co:443
[2025-07-22 13:08:35,991] [urllib3.connectionpool] [DEBUG] - https://cas-bridge.xethub.hf.co:443 "GET /xet-bridge-us/621ffdc136468d709f17adb5/e0f8134343cb241a14e2fbebc8ff53f12faf1e8ab2e0d27bff0d44b2ac561ed0?X-Amz-Algorithm=AWS4-HMAC-SHA256&X-Amz-Content-Sha256=UNSIGNED-PAYLOAD&X-Amz-Credential=cas%2F20250722%2Fus-east-1%2Fs3%2Faws4_request&X-Amz-Date=20250722T073406Z&X-Amz-Expires=3600&X-Amz-Signature=8f0e4b9d6a2243a52c31c638448210d0be4f5c46b96f25e08c000ededcb98802&X-Amz-SignedHeaders=host&X-Xet-Cas-Uid=public&response-content-disposition=inline%3B+filename*%3DUTF-8%27%27model.safetensors%3B+filename%3D%22model.safetensors%22%3B&x-id=GetObject&Expires=1753173246&Policy=eyJTdGF0ZW1lbnQiOlt7IkNvbmRpdGlvbiI6eyJEYXRlTGVzc1RoYW4iOnsiQVdTOkVwb2NoVGltZSI6MTc1MzE3MzI0Nn19LCJSZXNvdXJjZSI6Imh0dHBzOi8vY2FzLWJyaWRnZS54ZXRodWIuaGYuY28veGV0LWJyaWRnZS11cy82MjFmZmRjMTM2NDY4ZDcwOWYxN2FkYjUvZTBmODEzNDM0M2NiMjQxYTE0ZTJmYmViYzhmZjUzZjEyZmFmMWU4YWIyZTBkMjdiZmYwZDQ0YjJhYzU2MWVkMCoifV19&Signature=tozuSPCunDl-yY2hL3nIGnIolppHXMsUBRMxkMG3PZfN53M~CZj1ikw7zcML4nnnPZziaC73cEvPHWmN11h0TdoEZqY2wG7xaFoUCr7LZB8ZsWwJqQRsbwAwJ9hyAcROmTobxxMa~fJ3tIdG2DoHBmEQMsu6LezNErAgkDZOlPxYDujmcjYwYZlfjzR91AUas~d895Fw9P3oLKr2uL73J9nslqJQVwLmeEjVtWEDCOnX3wgXwtM-B3SAPTTznoFbU7~udl4NO9SiwFvdIVtn0KX2rPXVzGk7VJ9f4oxSurAJ5bjJtqsPlldyqay5wk~ZBuWoOZyH1qd6C3yv3zE6Rw__&Key-Pair-Id=K2L8F4GPSG1IFC HTTP/1.1" 200 557709915
[2025-07-22 13:08:56,274] [filelock] [DEBUG] - Attempting to release lock 3110685860272 on C:\Users\kushal\.cache\huggingface\hub\.locks\models--facebook--bart-base\1bd3ac8e5b3ac71c77cf18fbcd8b113e0bfceced94c5cfbbb9a2b4bb4781190b.lock
[2025-07-22 13:08:56,276] [filelock] [DEBUG] - Lock 3110685860272 released on C:\Users\kushal\.cache\huggingface\hub\.locks\models--facebook--bart-base\1bd3ac8e5b3ac71c77cf18fbcd8b113e0bfceced94c5cfbbb9a2b4bb4781190b.lock
[2025-07-23 09:40:11,421] [memory_module] [INFO] - Database initialized successfully
[2025-07-23 09:40:11,423] [text_processor] [INFO] - Initializing ML correction engine...
[2025-07-23 09:40:11,427] [urllib3.connectionpool] [DEBUG] - Starting new HTTPS connection (1): huggingface.co:443
[2025-07-23 09:40:12,147] [urllib3.connectionpool] [DEBUG] - https://huggingface.co:443 "HEAD /facebook/bart-base/resolve/main/config.json HTTP/1.1" 307 0
[2025-07-23 09:40:12,743] [urllib3.connectionpool] [DEBUG] - https://huggingface.co:443 "HEAD /api/resolve-cache/models/facebook/bart-base/aadd2ab0ae0c8268c7c9693540e9904811f36177/config.json HTTP/1.1" 200 0
[2025-07-23 09:40:15,116] [tensorflow] [WARNING] - From C:\Program Files\Python312\Lib\site-packages\tf_keras\src\losses.py:2976: The name tf.losses.sparse_softmax_cross_entropy is deprecated. Please use tf.compat.v1.losses.sparse_softmax_cross_entropy instead.

[2025-07-23 09:40:15,865] [urllib3.connectionpool] [DEBUG] - https://huggingface.co:443 "HEAD /facebook/bart-base/resolve/main/model.safetensors HTTP/1.1" 302 0
[2025-07-23 09:40:15,865] [filelock] [DEBUG] - Attempting to acquire lock 2526965787120 on C:\Users\kushal\.cache\huggingface\hub\.locks\models--facebook--bart-base\1bd3ac8e5b3ac71c77cf18fbcd8b113e0bfceced94c5cfbbb9a2b4bb4781190b.lock
[2025-07-23 09:40:15,869] [filelock] [DEBUG] - Lock 2526965787120 acquired on C:\Users\kushal\.cache\huggingface\hub\.locks\models--facebook--bart-base\1bd3ac8e5b3ac71c77cf18fbcd8b113e0bfceced94c5cfbbb9a2b4bb4781190b.lock
[2025-07-23 09:40:15,869] [huggingface_hub.file_download] [WARNING] - Xet Storage is enabled for this repo, but the 'hf_xet' package is not installed. Falling back to regular HTTP download. For better performance, install the package with: `pip install huggingface_hub[hf_xet]` or `pip install hf_xet`
[2025-07-23 09:40:16,125] [urllib3.connectionpool] [DEBUG] - https://huggingface.co:443 "GET /facebook/bart-base/resolve/main/model.safetensors HTTP/1.1" 302 1331
[2025-07-23 09:40:16,128] [urllib3.connectionpool] [DEBUG] - Starting new HTTPS connection (1): cas-bridge.xethub.hf.co:443
[2025-07-23 09:40:16,454] [urllib3.connectionpool] [DEBUG] - https://cas-bridge.xethub.hf.co:443 "GET /xet-bridge-us/621ffdc136468d709f17adb5/e0f8134343cb241a14e2fbebc8ff53f12faf1e8ab2e0d27bff0d44b2ac561ed0?X-Amz-Algorithm=AWS4-HMAC-SHA256&X-Amz-Content-Sha256=UNSIGNED-PAYLOAD&X-Amz-Credential=cas%2F20250723%2Fus-east-1%2Fs3%2Faws4_request&X-Amz-Date=20250723T041016Z&X-Amz-Expires=3600&X-Amz-Signature=40561b1c4e5bb20ea25c313598485ff4effc7cc5fc1ec8a7439ba916e9b5d561&X-Amz-SignedHeaders=host&X-Xet-Cas-Uid=public&response-content-disposition=inline%3B+filename*%3DUTF-8%27%27model.safetensors%3B+filename%3D%22model.safetensors%22%3B&x-id=GetObject&Expires=1753247416&Policy=eyJTdGF0ZW1lbnQiOlt7IkNvbmRpdGlvbiI6eyJEYXRlTGVzc1RoYW4iOnsiQVdTOkVwb2NoVGltZSI6MTc1MzI0NzQxNn19LCJSZXNvdXJjZSI6Imh0dHBzOi8vY2FzLWJyaWRnZS54ZXRodWIuaGYuY28veGV0LWJyaWRnZS11cy82MjFmZmRjMTM2NDY4ZDcwOWYxN2FkYjUvZTBmODEzNDM0M2NiMjQxYTE0ZTJmYmViYzhmZjUzZjEyZmFmMWU4YWIyZTBkMjdiZmYwZDQ0YjJhYzU2MWVkMCoifV19&Signature=t~BRk5cZTdl5SxAn2OdrqM5QjluXH5wHbbHPY2j8i2wWUEWMrBv~sjinTgP~6XxnDz5XyGAnui7GYGgtok8Qxpl~TpTgAOdx2P2ijFuVO~svETf9PQkS~BOm50~3pZwGIcrsUbXqTa3XfwgGtMF6kyeqCJXvWHj0SCXs~I95nPGGN0pqb4RwaRaZdl7KuFxAMlSzZshCpkFOQ6c1CI3oonf8PU-YruNjWea1LgxjFE2~EB3lUWHpitBKPc3B1X9asK4Kl0KPEQ8z~6BywlV66n8K6HqQ0Gv9RV0h2HOniIL-9OCckOt5ZfNDS53fo24b66yMG9-Re-NViysThMznaQ__&Key-Pair-Id=K2L8F4GPSG1IFC HTTP/1.1" 200 557709915
[2025-07-23 09:44:42,099] [filelock] [DEBUG] - Attempting to release lock 2526965787120 on C:\Users\kushal\.cache\huggingface\hub\.locks\models--facebook--bart-base\1bd3ac8e5b3ac71c77cf18fbcd8b113e0bfceced94c5cfbbb9a2b4bb4781190b.lock
[2025-07-23 09:44:42,099] [filelock] [DEBUG] - Lock 2526965787120 released on C:\Users\kushal\.cache\huggingface\hub\.locks\models--facebook--bart-base\1bd3ac8e5b3ac71c77cf18fbcd8b113e0bfceced94c5cfbbb9a2b4bb4781190b.lock
[2025-07-23 09:44:59,469] [memory_module] [INFO] - Database initialized successfully
[2025-07-23 09:44:59,469] [text_processor] [INFO] - Initializing ML correction engine...
[2025-07-23 09:44:59,483] [urllib3.connectionpool] [DEBUG] - Starting new HTTPS connection (1): huggingface.co:443
[2025-07-23 09:44:59,869] [urllib3.connectionpool] [DEBUG] - https://huggingface.co:443 "HEAD /facebook/bart-base/resolve/main/config.json HTTP/1.1" 307 0
[2025-07-23 09:44:59,890] [urllib3.connectionpool] [DEBUG] - https://huggingface.co:443 "HEAD /api/resolve-cache/models/facebook/bart-base/aadd2ab0ae0c8268c7c9693540e9904811f36177/config.json HTTP/1.1" 200 0
[2025-07-23 09:45:01,440] [tensorflow] [WARNING] - From C:\Program Files\Python312\Lib\site-packages\tf_keras\src\losses.py:2976: The name tf.losses.sparse_softmax_cross_entropy is deprecated. Please use tf.compat.v1.losses.sparse_softmax_cross_entropy instead.

[2025-07-23 09:45:02,121] [urllib3.connectionpool] [DEBUG] - https://huggingface.co:443 "HEAD /facebook/bart-base/resolve/main/model.safetensors HTTP/1.1" 302 0
[2025-07-23 09:45:02,124] [filelock] [DEBUG] - Attempting to acquire lock 1234237310832 on C:\Users\kushal\.cache\huggingface\hub\.locks\models--facebook--bart-base\1bd3ac8e5b3ac71c77cf18fbcd8b113e0bfceced94c5cfbbb9a2b4bb4781190b.lock
[2025-07-23 09:45:02,124] [filelock] [DEBUG] - Lock 1234237310832 acquired on C:\Users\kushal\.cache\huggingface\hub\.locks\models--facebook--bart-base\1bd3ac8e5b3ac71c77cf18fbcd8b113e0bfceced94c5cfbbb9a2b4bb4781190b.lock
[2025-07-23 09:45:02,449] [urllib3.connectionpool] [DEBUG] - https://huggingface.co:443 "GET /api/models/facebook/bart-base/xet-read-token/aadd2ab0ae0c8268c7c9693540e9904811f36177 HTTP/1.1" 200 325
[2025-07-23 09:53:15,391] [filelock] [DEBUG] - Attempting to release lock 1234237310832 on C:\Users\kushal\.cache\huggingface\hub\.locks\models--facebook--bart-base\1bd3ac8e5b3ac71c77cf18fbcd8b113e0bfceced94c5cfbbb9a2b4bb4781190b.lock
[2025-07-23 09:53:15,391] [filelock] [DEBUG] - Lock 1234237310832 released on C:\Users\kushal\.cache\huggingface\hub\.locks\models--facebook--bart-base\1bd3ac8e5b3ac71c77cf18fbcd8b113e0bfceced94c5cfbbb9a2b4bb4781190b.lock
[2025-07-23 09:53:15,557] [urllib3.connectionpool] [DEBUG] - Resetting dropped connection: huggingface.co
[2025-07-23 09:53:15,875] [urllib3.connectionpool] [DEBUG] - https://huggingface.co:443 "HEAD /facebook/bart-base/resolve/main/generation_config.json HTTP/1.1" 404 0
[2025-07-23 09:53:16,112] [urllib3.connectionpool] [DEBUG] - https://huggingface.co:443 "HEAD /facebook/bart-base/resolve/main/custom_generate/generate.py HTTP/1.1" 404 0
[2025-07-23 09:53:16,363] [urllib3.connectionpool] [DEBUG] - https://huggingface.co:443 "HEAD /facebook/bart-base/resolve/main/tokenizer_config.json HTTP/1.1" 404 0
[2025-07-23 09:53:16,613] [urllib3.connectionpool] [DEBUG] - https://huggingface.co:443 "GET /api/models/facebook/bart-base/tree/main/additional_chat_templates?recursive=False&expand=False HTTP/1.1" 404 64
[2025-07-23 09:53:16,925] [urllib3.connectionpool] [DEBUG] - https://huggingface.co:443 "HEAD /facebook/bart-base/resolve/main/vocab.json HTTP/1.1" 307 0
[2025-07-23 09:53:16,960] [urllib3.connectionpool] [DEBUG] - https://huggingface.co:443 "HEAD /api/resolve-cache/models/facebook/bart-base/aadd2ab0ae0c8268c7c9693540e9904811f36177/vocab.json HTTP/1.1" 200 0
[2025-07-23 09:53:16,962] [filelock] [DEBUG] - Attempting to acquire lock 1234236888496 on C:\Users\kushal\.cache\huggingface\hub\.locks\models--facebook--bart-base\5606f48548d99a9829d10a96cd364b816b02cd21.lock
[2025-07-23 09:53:16,962] [filelock] [DEBUG] - Lock 1234236888496 acquired on C:\Users\kushal\.cache\huggingface\hub\.locks\models--facebook--bart-base\5606f48548d99a9829d10a96cd364b816b02cd21.lock
[2025-07-23 09:53:17,012] [urllib3.connectionpool] [DEBUG] - https://huggingface.co:443 "GET /api/resolve-cache/models/facebook/bart-base/aadd2ab0ae0c8268c7c9693540e9904811f36177/vocab.json HTTP/1.1" 200 None
[2025-07-23 09:53:17,438] [filelock] [DEBUG] - Attempting to release lock 1234236888496 on C:\Users\kushal\.cache\huggingface\hub\.locks\models--facebook--bart-base\5606f48548d99a9829d10a96cd364b816b02cd21.lock
[2025-07-23 09:53:17,438] [filelock] [DEBUG] - Lock 1234236888496 released on C:\Users\kushal\.cache\huggingface\hub\.locks\models--facebook--bart-base\5606f48548d99a9829d10a96cd364b816b02cd21.lock
[2025-07-23 09:53:17,690] [urllib3.connectionpool] [DEBUG] - https://huggingface.co:443 "HEAD /facebook/bart-base/resolve/main/merges.txt HTTP/1.1" 307 0
[2025-07-23 09:53:17,728] [urllib3.connectionpool] [DEBUG] - https://huggingface.co:443 "HEAD /api/resolve-cache/models/facebook/bart-base/aadd2ab0ae0c8268c7c9693540e9904811f36177/merges.txt HTTP/1.1" 200 0
[2025-07-23 09:53:17,729] [filelock] [DEBUG] - Attempting to acquire lock 1234238186816 on C:\Users\kushal\.cache\huggingface\hub\.locks\models--facebook--bart-base\226b0752cac7789c48f0cb3ec53eda48b7be36cc.lock
[2025-07-23 09:53:17,731] [filelock] [DEBUG] - Lock 1234238186816 acquired on C:\Users\kushal\.cache\huggingface\hub\.locks\models--facebook--bart-base\226b0752cac7789c48f0cb3ec53eda48b7be36cc.lock
[2025-07-23 09:53:17,782] [urllib3.connectionpool] [DEBUG] - https://huggingface.co:443 "GET /api/resolve-cache/models/facebook/bart-base/aadd2ab0ae0c8268c7c9693540e9904811f36177/merges.txt HTTP/1.1" 200 None
[2025-07-23 09:53:18,080] [filelock] [DEBUG] - Attempting to release lock 1234238186816 on C:\Users\kushal\.cache\huggingface\hub\.locks\models--facebook--bart-base\226b0752cac7789c48f0cb3ec53eda48b7be36cc.lock
[2025-07-23 09:53:18,080] [filelock] [DEBUG] - Lock 1234238186816 released on C:\Users\kushal\.cache\huggingface\hub\.locks\models--facebook--bart-base\226b0752cac7789c48f0cb3ec53eda48b7be36cc.lock
[2025-07-23 09:53:18,319] [urllib3.connectionpool] [DEBUG] - https://huggingface.co:443 "HEAD /facebook/bart-base/resolve/main/tokenizer.json HTTP/1.1" 307 0
[2025-07-23 09:53:18,344] [urllib3.connectionpool] [DEBUG] - https://huggingface.co:443 "HEAD /api/resolve-cache/models/facebook/bart-base/aadd2ab0ae0c8268c7c9693540e9904811f36177/tokenizer.json HTTP/1.1" 200 0
[2025-07-23 09:53:18,347] [filelock] [DEBUG] - Attempting to acquire lock 1234235802352 on C:\Users\kushal\.cache\huggingface\hub\.locks\models--facebook--bart-base\ad0bcbeb288f0d1373d88e0762e66357f55b8311.lock
[2025-07-23 09:53:18,347] [filelock] [DEBUG] - Lock 1234235802352 acquired on C:\Users\kushal\.cache\huggingface\hub\.locks\models--facebook--bart-base\ad0bcbeb288f0d1373d88e0762e66357f55b8311.lock
[2025-07-23 09:53:18,457] [urllib3.connectionpool] [DEBUG] - https://huggingface.co:443 "GET /api/resolve-cache/models/facebook/bart-base/aadd2ab0ae0c8268c7c9693540e9904811f36177/tokenizer.json HTTP/1.1" 200 None
[2025-07-23 09:53:19,079] [filelock] [DEBUG] - Attempting to release lock 1234235802352 on C:\Users\kushal\.cache\huggingface\hub\.locks\models--facebook--bart-base\ad0bcbeb288f0d1373d88e0762e66357f55b8311.lock
[2025-07-23 09:53:19,079] [filelock] [DEBUG] - Lock 1234235802352 released on C:\Users\kushal\.cache\huggingface\hub\.locks\models--facebook--bart-base\ad0bcbeb288f0d1373d88e0762e66357f55b8311.lock
[2025-07-23 09:53:19,778] [urllib3.connectionpool] [DEBUG] - https://huggingface.co:443 "HEAD /facebook/bart-base/resolve/main/added_tokens.json HTTP/1.1" 404 0
[2025-07-23 09:53:20,031] [urllib3.connectionpool] [DEBUG] - https://huggingface.co:443 "HEAD /facebook/bart-base/resolve/main/special_tokens_map.json HTTP/1.1" 404 0
[2025-07-23 09:53:20,288] [urllib3.connectionpool] [DEBUG] - https://huggingface.co:443 "HEAD /facebook/bart-base/resolve/main/chat_template.jinja HTTP/1.1" 404 0
[2025-07-23 09:53:20,544] [text_processor] [INFO] - ML engine initialized successfully
[2025-07-23 09:53:20,544] [main] [INFO] - Autocorrect system initialized and running
[2025-07-23 09:53:20,547] [keyboard_monitor] [INFO] - Starting keyboard monitoring...
[2025-07-23 09:53:20,563] [main] [INFO] - Autocorrect system started successfully
[2025-07-23 10:00:24,660] [keyboard_monitor] [INFO] - Keyboard monitoring paused
[2025-07-23 10:01:15,322] [main] [INFO] - System paused
[2025-07-23 10:01:25,969] [keyboard_monitor] [INFO] - Keyboard monitoring resumed
[2025-07-23 10:01:25,969] [main] [INFO] - System resumed
[2025-07-23 10:01:36,775] [text_injector] [DEBUG] - Successfully replaced 'kuxhteh' with 'kuxhteh'
[2025-07-23 10:01:36,793] [main] [INFO] - Applied correction: 'kuxhteh' -> 'kuxhteh'
[2025-07-23 10:01:42,346] [text_injector] [DEBUG] - Successfully replaced 'teh' with 'the'
[2025-07-23 10:01:42,364] [main] [INFO] - Applied correction: 'teh' -> 'the'
[2025-07-23 10:01:47,662] [text_injector] [DEBUG] - Successfully replaced 'occured' with 'occurred'
[2025-07-23 10:01:47,669] [main] [INFO] - Applied correction: 'occured' -> 'occurred'
[2025-07-23 10:04:17,787] [text_injector] [DEBUG] - Successfully replaced 'teh' with 'the'
[2025-07-23 10:04:17,795] [main] [INFO] - Applied correction: 'teh' -> 'the'
[2025-07-23 10:04:22,146] [text_injector] [DEBUG] - Successfully replaced 'teh' with 'the'
[2025-07-23 10:04:22,164] [main] [INFO] - Applied correction: 'teh' -> 'the'
[2025-07-23 10:04:23,822] [text_injector] [DEBUG] - Successfully replaced 'teh' with 'the'
[2025-07-23 10:04:23,822] [main] [INFO] - Applied correction: 'teh' -> 'the'
[2025-07-23 10:04:24,776] [text_injector] [DEBUG] - Successfully replaced 'teh' with 'the'
[2025-07-23 10:04:24,785] [main] [INFO] - Applied correction: 'teh' -> 'the'
[2025-07-23 10:04:26,899] [text_injector] [DEBUG] - Successfully replaced 'teh' with 'the'
[2025-07-23 10:04:26,915] [main] [INFO] - Applied correction: 'teh' -> 'the'
[2025-07-23 10:04:32,983] [text_injector] [DEBUG] - Successfully replaced 'teh' with 'the'
[2025-07-23 10:04:32,997] [main] [INFO] - Applied correction: 'teh' -> 'the'
[2025-07-23 10:04:35,674] [text_injector] [DEBUG] - Successfully replaced 'teh' with 'the'
[2025-07-23 10:04:35,684] [main] [INFO] - Applied correction: 'teh' -> 'the'
[2025-07-23 10:04:39,543] [text_injector] [DEBUG] - Successfully replaced 'occured' with 'occurred'
[2025-07-23 10:04:39,550] [main] [INFO] - Applied correction: 'occured' -> 'occurred'
[2025-07-23 10:05:16,287] [text_injector] [DEBUG] - Successfully replaced 'teh' with 'the'
[2025-07-23 10:05:16,301] [main] [INFO] - Applied correction: 'teh' -> 'the'
[2025-07-23 10:07:11,263] [root] [INFO] - Configuration saved successfully
[2025-07-23 10:07:11,263] [main] [INFO] - Configuration updated
[2025-07-23 10:07:22,311] [root] [INFO] - Configuration saved successfully
[2025-07-23 10:07:22,311] [main] [INFO] - Configuration updated
[2025-07-23 10:07:36,455] [text_injector] [DEBUG] - Successfully replaced 'teh' with 'the'
[2025-07-23 10:07:36,460] [main] [INFO] - Applied correction: 'teh' -> 'the'
[2025-07-23 10:07:42,056] [text_injector] [DEBUG] - Successfully replaced 'occured' with 'occurred'
[2025-07-23 10:07:42,067] [main] [INFO] - Applied correction: 'occured' -> 'occurred'
[2025-07-23 10:11:04,903] [memory_module] [INFO] - Database initialized successfully
[2025-07-23 10:11:04,903] [text_processor] [INFO] - Initializing ML correction engine...
[2025-07-23 10:11:04,908] [urllib3.connectionpool] [DEBUG] - Starting new HTTPS connection (1): huggingface.co:443
[2025-07-23 10:11:05,251] [urllib3.connectionpool] [DEBUG] - https://huggingface.co:443 "HEAD /facebook/bart-base/resolve/main/config.json HTTP/1.1" 307 0
[2025-07-23 10:11:05,268] [urllib3.connectionpool] [DEBUG] - https://huggingface.co:443 "HEAD /api/resolve-cache/models/facebook/bart-base/aadd2ab0ae0c8268c7c9693540e9904811f36177/config.json HTTP/1.1" 200 0
[2025-07-23 10:11:06,732] [tensorflow] [WARNING] - From C:\Program Files\Python312\Lib\site-packages\tf_keras\src\losses.py:2976: The name tf.losses.sparse_softmax_cross_entropy is deprecated. Please use tf.compat.v1.losses.sparse_softmax_cross_entropy instead.

[2025-07-23 10:11:07,510] [urllib3.connectionpool] [DEBUG] - https://huggingface.co:443 "HEAD /facebook/bart-base/resolve/main/generation_config.json HTTP/1.1" 404 0
[2025-07-23 10:11:07,756] [urllib3.connectionpool] [DEBUG] - https://huggingface.co:443 "HEAD /facebook/bart-base/resolve/main/custom_generate/generate.py HTTP/1.1" 404 0
[2025-07-23 10:11:08,000] [urllib3.connectionpool] [DEBUG] - https://huggingface.co:443 "GET /api/models/facebook/bart-base/tree/main/additional_chat_templates?recursive=False&expand=False HTTP/1.1" 404 64
[2025-07-23 10:11:08,179] [text_processor] [INFO] - ML engine initialized successfully
[2025-07-23 10:11:08,183] [main] [INFO] - Autocorrect system initialized and running
[2025-07-23 10:11:08,184] [keyboard_monitor] [INFO] - Starting keyboard monitoring...
[2025-07-23 10:11:08,196] [main] [INFO] - Autocorrect system started successfully
[2025-07-23 10:11:30,795] [text_injector] [DEBUG] - Successfully replaced 'teh' with 'the'
[2025-07-23 10:11:30,807] [main] [INFO] - Applied correction: 'teh' -> 'the'
[2025-07-23 10:11:35,868] [text_injector] [DEBUG] - Successfully replaced 'liason' with 'liaison'
[2025-07-23 10:11:35,868] [main] [INFO] - Applied correction: 'liason' -> 'liaison'
[2025-07-23 10:11:53,178] [text_injector] [DEBUG] - Successfully replaced 'untill' with 'until'
[2025-07-23 10:11:53,179] [main] [INFO] - Applied correction: 'untill' -> 'until'
[2025-07-23 10:12:00,504] [text_injector] [DEBUG] - Successfully replaced 'untill' with 'until'
[2025-07-23 10:12:00,505] [main] [INFO] - Applied correction: 'untill' -> 'until'
[2025-07-23 10:12:05,533] [text_injector] [DEBUG] - Successfully replaced 'teh' with 'the'
[2025-07-23 10:12:05,544] [main] [INFO] - Applied correction: 'teh' -> 'the'
[2025-07-23 10:13:06,428] [text_injector] [DEBUG] - Successfully replaced 'teh' with 'the'
[2025-07-23 10:13:06,428] [main] [INFO] - Applied correction: 'teh' -> 'the'
[2025-07-23 10:13:10,050] [text_injector] [DEBUG] - Successfully replaced 'liason' with 'liaison'
[2025-07-23 10:13:10,060] [main] [INFO] - Applied correction: 'liason' -> 'liaison'
[2025-07-23 10:21:31,403] [keyboard_monitor] [INFO] - Keyboard monitoring paused
[2025-07-23 10:21:31,405] [main] [INFO] - System paused
[2025-07-23 10:21:40,312] [keyboard_monitor] [INFO] - Keyboard monitoring resumed
[2025-07-23 10:21:40,312] [main] [INFO] - System resumed
[2025-07-23 10:22:33,924] [text_injector] [DEBUG] - Successfully replaced 'tried' with 'treid'
[2025-07-23 10:22:33,924] [main] [INFO] - Applied correction: 'tried' -> 'treid'
[2025-07-23 10:22:37,511] [text_injector] [DEBUG] - Successfully replaced 'tried' with 'treid'
[2025-07-23 10:22:37,526] [main] [INFO] - Applied correction: 'tried' -> 'treid'
[2025-07-23 10:22:42,969] [text_injector] [DEBUG] - Successfully replaced 'ried' with 'reid'
[2025-07-23 10:22:42,976] [main] [INFO] - Applied correction: 'ried' -> 'reid'
[2025-07-23 10:22:54,106] [text_injector] [DEBUG] - Successfully replaced 'tried' with 'treid'
[2025-07-23 10:22:54,113] [main] [INFO] - Applied correction: 'tried' -> 'treid'
[2025-07-23 10:31:49,464] [text_injector] [DEBUG] - Successfully replaced 'teh' with 'the'
[2025-07-23 10:32:00,232] [text_injector] [DEBUG] - Successfully replaced 'occured' with 'occurred'
[2025-07-23 10:32:09,397] [text_injector] [DEBUG] - Successfully replaced 'ried' with 'reid'
[2025-07-23 10:32:18,242] [text_injector] [DEBUG] - Successfully replaced 'ried' with 'reid'
[2025-07-23 10:33:09,785] [main] [INFO] - Applied correction: 'teh' -> 'the'
[2025-07-23 10:33:09,795] [main] [INFO] - Applied correction: 'ried' -> 'reid'
[2025-07-23 10:33:09,805] [main] [INFO] - Applied correction: 'ried' -> 'reid'
[2025-07-23 10:33:09,817] [main] [INFO] - Applied correction: 'occured' -> 'occurred'
[2025-07-23 10:33:12,695] [pystray._base] [ERROR] - An error occurred in the main loop
Traceback (most recent call last):
  File "C:\Program Files\Python312\Lib\site-packages\pystray\_win32.py", line 147, in _mainloop
    r = win32.GetMessage(lpmsg, None, 0, 0)
        ^^^^^^^^^^^^^^^^^^^^^^^^^^^^^^^^^^^
KeyboardInterrupt
[2025-07-23 10:33:39,794] [memory_module] [INFO] - Database initialized successfully
[2025-07-23 10:33:39,794] [text_processor] [INFO] - Initializing ML correction engine...
[2025-07-23 10:33:39,800] [urllib3.connectionpool] [DEBUG] - Starting new HTTPS connection (1): huggingface.co:443
[2025-07-23 10:33:40,274] [urllib3.connectionpool] [DEBUG] - https://huggingface.co:443 "HEAD /facebook/bart-base/resolve/main/config.json HTTP/1.1" 307 0
[2025-07-23 10:33:40,314] [urllib3.connectionpool] [DEBUG] - https://huggingface.co:443 "HEAD /api/resolve-cache/models/facebook/bart-base/aadd2ab0ae0c8268c7c9693540e9904811f36177/config.json HTTP/1.1" 200 0
[2025-07-23 10:33:41,756] [tensorflow] [WARNING] - From C:\Program Files\Python312\Lib\site-packages\tf_keras\src\losses.py:2976: The name tf.losses.sparse_softmax_cross_entropy is deprecated. Please use tf.compat.v1.losses.sparse_softmax_cross_entropy instead.

[2025-07-23 10:33:42,507] [urllib3.connectionpool] [DEBUG] - https://huggingface.co:443 "HEAD /facebook/bart-base/resolve/main/generation_config.json HTTP/1.1" 404 0
[2025-07-23 10:33:42,750] [urllib3.connectionpool] [DEBUG] - https://huggingface.co:443 "HEAD /facebook/bart-base/resolve/main/custom_generate/generate.py HTTP/1.1" 404 0
[2025-07-23 10:33:43,014] [urllib3.connectionpool] [DEBUG] - https://huggingface.co:443 "GET /api/models/facebook/bart-base/tree/main/additional_chat_templates?recursive=False&expand=False HTTP/1.1" 404 64
[2025-07-23 10:33:43,199] [text_processor] [INFO] - ML engine initialized successfully
[2025-07-23 10:33:43,199] [text_processor] [DEBUG] - Entered process_text() — debug logging is active
[2025-07-23 10:33:43,199] [main] [INFO] - Autocorrect system initialized and running
[2025-07-23 10:33:43,199] [keyboard_monitor] [INFO] - Starting keyboard monitoring...
[2025-07-23 10:33:43,219] [main] [INFO] - Autocorrect system started successfully
[2025-07-23 10:34:22,403] [text_injector] [DEBUG] - Successfully replaced 'teh' with 'the'
[2025-07-23 10:34:22,410] [main] [INFO] - Applied correction: 'teh' -> 'the'
[2025-07-23 10:34:35,465] [text_injector] [DEBUG] - Successfully replaced 'occured' with 'occurred'
[2025-07-23 10:34:35,476] [main] [INFO] - Applied correction: 'occured' -> 'occurred'
[2025-07-23 10:44:52,854] [keyboard_monitor] [INFO] - Keyboard monitoring stopped
[2025-07-23 10:44:52,856] [main] [INFO] - Autocorrect system stopped
[2025-07-24 09:40:23,475] [memory_module] [INFO] - Database initialized successfully
[2025-07-24 09:40:23,478] [text_processor] [INFO] - Initializing ML correction engine...
[2025-07-24 09:40:23,485] [urllib3.connectionpool] [DEBUG] - Starting new HTTPS connection (1): huggingface.co:443
[2025-07-24 09:40:24,271] [urllib3.connectionpool] [DEBUG] - https://huggingface.co:443 "HEAD /facebook/bart-base/resolve/main/config.json HTTP/1.1" 307 0
[2025-07-24 09:40:24,345] [urllib3.connectionpool] [DEBUG] - https://huggingface.co:443 "HEAD /api/resolve-cache/models/facebook/bart-base/aadd2ab0ae0c8268c7c9693540e9904811f36177/config.json HTTP/1.1" 200 0
[2025-07-24 09:40:28,297] [tensorflow] [WARNING] - From C:\Program Files\Python312\Lib\site-packages\tf_keras\src\losses.py:2976: The name tf.losses.sparse_softmax_cross_entropy is deprecated. Please use tf.compat.v1.losses.sparse_softmax_cross_entropy instead.

[2025-07-24 09:40:30,044] [urllib3.connectionpool] [DEBUG] - https://huggingface.co:443 "HEAD /facebook/bart-base/resolve/main/generation_config.json HTTP/1.1" 404 0
[2025-07-24 09:40:30,453] [urllib3.connectionpool] [DEBUG] - https://huggingface.co:443 "HEAD /facebook/bart-base/resolve/main/custom_generate/generate.py HTTP/1.1" 404 0
[2025-07-24 09:40:30,863] [urllib3.connectionpool] [DEBUG] - https://huggingface.co:443 "GET /api/models/facebook/bart-base/tree/main/additional_chat_templates?recursive=False&expand=False HTTP/1.1" 404 64
[2025-07-24 09:40:31,237] [text_processor] [INFO] - ML engine initialized successfully
[2025-07-24 09:40:31,240] [text_processor] [DEBUG] - Entered process_text() — debug logging is active
[2025-07-24 09:40:31,242] [main] [INFO] - Autocorrect system initialized and running
[2025-07-24 09:40:31,247] [keyboard_monitor] [INFO] - Starting keyboard monitoring...
[2025-07-24 09:40:31,291] [main] [INFO] - Autocorrect system started successfully
[2025-07-24 09:41:00,237] [text_processor] [DEBUG] - ML response: {result}
[2025-07-24 09:41:14,099] [text_processor] [DEBUG] - ML response: {result}
[2025-07-24 09:41:22,281] [text_processor] [DEBUG] - ML response: {result}
[2025-07-24 09:41:34,481] [text_processor] [DEBUG] - ML response: {result}
[2025-07-24 09:41:41,707] [text_processor] [DEBUG] - ML response: {result}
[2025-07-24 09:41:43,389] [text_processor] [DEBUG] - ML response: {result}
[2025-07-24 09:41:43,779] [text_processor] [DEBUG] - ML response: {result}
[2025-07-24 09:41:45,212] [text_processor] [DEBUG] - ML response: {result}
[2025-07-24 09:41:45,660] [text_processor] [DEBUG] - ML response: {result}
[2025-07-24 09:41:47,970] [text_processor] [DEBUG] - ML response: {result}
[2025-07-24 09:41:54,497] [text_processor] [DEBUG] - ML response: {result}
[2025-07-24 09:41:55,679] [text_processor] [DEBUG] - ML response: {result}
[2025-07-24 09:41:59,887] [text_processor] [DEBUG] - ML response: {result}
[2025-07-24 09:42:00,536] [text_processor] [DEBUG] - ML response: {result}
[2025-07-24 09:42:08,800] [text_processor] [DEBUG] - ML response: {result}
[2025-07-24 09:42:10,879] [text_processor] [DEBUG] - ML response: {result}
[2025-07-24 09:42:14,305] [text_processor] [DEBUG] - ML response: {result}
[2025-07-24 09:42:17,419] [text_processor] [DEBUG] - ML response: {result}
[2025-07-24 09:42:25,505] [text_processor] [DEBUG] - ML response: {result}
[2025-07-24 09:42:31,564] [text_processor] [DEBUG] - ML response: {result}
[2025-07-24 09:43:32,039] [text_processor] [DEBUG] - ML response: {result}
[2025-07-24 09:43:39,186] [text_processor] [DEBUG] - ML response: {result}
[2025-07-24 09:43:46,330] [text_processor] [DEBUG] - ML response: {result}
[2025-07-24 09:43:53,532] [text_processor] [DEBUG] - ML response: {result}
[2025-07-24 09:43:57,129] [text_processor] [DEBUG] - ML response: {result}
[2025-07-24 09:44:02,244] [text_processor] [DEBUG] - ML response: {result}
[2025-07-24 09:44:18,182] [text_processor] [DEBUG] - ML response: {result}
[2025-07-24 09:44:38,466] [text_processor] [DEBUG] - ML response: {result}
[2025-07-24 09:45:29,848] [text_processor] [DEBUG] - ML response: {result}
[2025-07-24 09:45:30,140] [text_processor] [DEBUG] - ML response: {result}
[2025-07-24 09:45:31,047] [text_processor] [DEBUG] - ML response: {result}
[2025-07-24 09:45:33,675] [text_processor] [DEBUG] - ML response: {result}
[2025-07-24 09:45:36,414] [text_processor] [DEBUG] - ML response: {result}
[2025-07-24 09:45:44,450] [text_processor] [DEBUG] - ML response: {result}
[2025-07-24 09:45:45,180] [text_processor] [DEBUG] - ML response: {result}
[2025-07-24 09:45:45,828] [text_processor] [DEBUG] - ML response: {result}
[2025-07-24 09:45:48,236] [text_processor] [DEBUG] - ML response: {result}
[2025-07-24 09:45:52,910] [text_processor] [DEBUG] - ML response: {result}
[2025-07-24 09:45:55,189] [text_processor] [DEBUG] - ML response: {result}
[2025-07-24 09:47:00,655] [text_processor] [DEBUG] - ML response: {result}
[2025-07-24 09:47:06,532] [text_processor] [DEBUG] - ML response: {result}
[2025-07-24 09:47:20,752] [text_processor] [DEBUG] - ML response: {result}
[2025-07-24 09:47:34,802] [text_processor] [DEBUG] - ML response: {result}
[2025-07-24 09:47:38,124] [text_processor] [DEBUG] - ML response: {result}
[2025-07-24 09:47:44,736] [text_processor] [DEBUG] - ML response: {result}
[2025-07-24 09:48:02,714] [text_processor] [DEBUG] - ML response: {result}
[2025-07-24 09:48:12,905] [text_processor] [DEBUG] - ML response: {result}
[2025-07-24 09:49:40,284] [text_processor] [DEBUG] - ML response: {result}
[2025-07-24 09:50:02,821] [text_processor] [DEBUG] - ML response: {result}
[2025-07-24 09:50:27,477] [text_processor] [DEBUG] - ML response: {result}
[2025-07-24 09:50:33,315] [text_processor] [DEBUG] - ML response: {result}
[2025-07-24 09:50:37,261] [text_processor] [DEBUG] - ML response: {result}
[2025-07-24 09:50:44,399] [text_processor] [DEBUG] - ML response: {result}
[2025-07-24 09:50:49,758] [text_processor] [DEBUG] - ML response: {result}
[2025-07-24 09:50:55,113] [text_processor] [DEBUG] - ML response: {result}
[2025-07-24 09:57:52,880] [text_processor] [DEBUG] - ML response: {result}
[2025-07-24 10:00:14,786] [memory_module] [INFO] - Database initialized successfully
[2025-07-24 10:00:14,788] [text_processor] [INFO] - Initializing ML correction engine...
[2025-07-24 10:00:14,796] [urllib3.connectionpool] [DEBUG] - Starting new HTTPS connection (1): huggingface.co:443
[2025-07-24 10:00:15,332] [urllib3.connectionpool] [DEBUG] - https://huggingface.co:443 "HEAD /facebook/bart-base/resolve/main/config.json HTTP/1.1" 307 0
[2025-07-24 10:00:15,413] [urllib3.connectionpool] [DEBUG] - https://huggingface.co:443 "HEAD /api/resolve-cache/models/facebook/bart-base/aadd2ab0ae0c8268c7c9693540e9904811f36177/config.json HTTP/1.1" 200 0
[2025-07-24 10:00:18,243] [tensorflow] [WARNING] - From C:\Program Files\Python312\Lib\site-packages\tf_keras\src\losses.py:2976: The name tf.losses.sparse_softmax_cross_entropy is deprecated. Please use tf.compat.v1.losses.sparse_softmax_cross_entropy instead.

[2025-07-24 10:00:19,391] [urllib3.connectionpool] [DEBUG] - https://huggingface.co:443 "HEAD /facebook/bart-base/resolve/main/generation_config.json HTTP/1.1" 404 0
[2025-07-24 10:00:19,676] [urllib3.connectionpool] [DEBUG] - https://huggingface.co:443 "HEAD /facebook/bart-base/resolve/main/custom_generate/generate.py HTTP/1.1" 404 0
[2025-07-24 10:00:19,960] [urllib3.connectionpool] [DEBUG] - https://huggingface.co:443 "GET /api/models/facebook/bart-base/tree/main/additional_chat_templates?recursive=False&expand=False HTTP/1.1" 404 64
[2025-07-24 10:00:20,226] [text_processor] [INFO] - ML engine initialized successfully
[2025-07-24 10:00:20,228] [text_processor] [DEBUG] - Entered process_text() — debug logging is active
[2025-07-24 10:00:20,229] [main] [INFO] - Autocorrect system initialized and running
[2025-07-24 10:00:20,232] [keyboard_monitor] [INFO] - Starting keyboard monitoring...
[2025-07-24 10:00:20,246] [main] [INFO] - Autocorrect system started successfully
[2025-07-24 10:21:51,440] [memory_module] [INFO] - Database initialized successfully
[2025-07-24 10:21:51,442] [text_processor] [INFO] - Initializing ML correction engine...
[2025-07-24 10:21:51,448] [urllib3.connectionpool] [DEBUG] - Starting new HTTPS connection (1): huggingface.co:443
[2025-07-24 10:21:52,239] [urllib3.connectionpool] [DEBUG] - https://huggingface.co:443 "HEAD /facebook/bart-base/resolve/main/config.json HTTP/1.1" 307 0
[2025-07-24 10:21:52,363] [urllib3.connectionpool] [DEBUG] - https://huggingface.co:443 "HEAD /api/resolve-cache/models/facebook/bart-base/aadd2ab0ae0c8268c7c9693540e9904811f36177/config.json HTTP/1.1" 200 0
[2025-07-24 10:21:55,125] [tensorflow] [WARNING] - From C:\Program Files\Python312\Lib\site-packages\tf_keras\src\losses.py:2976: The name tf.losses.sparse_softmax_cross_entropy is deprecated. Please use tf.compat.v1.losses.sparse_softmax_cross_entropy instead.

[2025-07-24 10:21:56,393] [urllib3.connectionpool] [DEBUG] - https://huggingface.co:443 "HEAD /facebook/bart-base/resolve/main/generation_config.json HTTP/1.1" 404 0
[2025-07-24 10:21:56,727] [urllib3.connectionpool] [DEBUG] - https://huggingface.co:443 "HEAD /facebook/bart-base/resolve/main/custom_generate/generate.py HTTP/1.1" 404 0
[2025-07-24 10:21:57,064] [urllib3.connectionpool] [DEBUG] - https://huggingface.co:443 "GET /api/models/facebook/bart-base/tree/main/additional_chat_templates?recursive=False&expand=False HTTP/1.1" 404 64
[2025-07-24 10:21:57,357] [text_processor] [INFO] - ML engine initialized successfully
[2025-07-24 10:21:57,359] [text_processor] [DEBUG] - Entered process_text() — debug logging is active
[2025-07-24 10:21:57,360] [main] [INFO] - Autocorrect system initialized and running
[2025-07-24 10:21:57,363] [keyboard_monitor] [INFO] - Starting keyboard monitoring...
[2025-07-24 10:21:57,375] [main] [INFO] - Autocorrect system started successfully
[2025-07-24 10:21:57,423] [keyboard_monitor] [ERROR] - Keyboard monitoring error: 'NoneType' object has no attribute 'start'
[2025-07-24 10:23:38,824] [memory_module] [INFO] - Database initialized successfully
[2025-07-24 10:23:38,825] [text_processor] [INFO] - Initializing ML correction engine...
[2025-07-24 10:23:38,832] [urllib3.connectionpool] [DEBUG] - Starting new HTTPS connection (1): huggingface.co:443
[2025-07-24 10:23:39,553] [urllib3.connectionpool] [DEBUG] - https://huggingface.co:443 "HEAD /facebook/bart-base/resolve/main/config.json HTTP/1.1" 307 0
[2025-07-24 10:23:39,791] [urllib3.connectionpool] [DEBUG] - https://huggingface.co:443 "HEAD /api/resolve-cache/models/facebook/bart-base/aadd2ab0ae0c8268c7c9693540e9904811f36177/config.json HTTP/1.1" 200 0
[2025-07-24 10:23:43,097] [tensorflow] [WARNING] - From C:\Program Files\Python312\Lib\site-packages\tf_keras\src\losses.py:2976: The name tf.losses.sparse_softmax_cross_entropy is deprecated. Please use tf.compat.v1.losses.sparse_softmax_cross_entropy instead.

[2025-07-24 10:23:44,412] [urllib3.connectionpool] [DEBUG] - https://huggingface.co:443 "HEAD /facebook/bart-base/resolve/main/generation_config.json HTTP/1.1" 404 0
[2025-07-24 10:23:44,689] [urllib3.connectionpool] [DEBUG] - https://huggingface.co:443 "HEAD /facebook/bart-base/resolve/main/custom_generate/generate.py HTTP/1.1" 404 0
[2025-07-24 10:23:44,997] [urllib3.connectionpool] [DEBUG] - https://huggingface.co:443 "GET /api/models/facebook/bart-base/tree/main/additional_chat_templates?recursive=False&expand=False HTTP/1.1" 404 64
[2025-07-24 10:23:45,284] [text_processor] [INFO] - ML engine initialized successfully
[2025-07-24 10:23:45,286] [text_processor] [DEBUG] - Entered process_text() — debug logging is active
[2025-07-24 10:23:45,287] [main] [INFO] - Autocorrect system initialized and running
[2025-07-24 10:23:45,289] [keyboard_monitor] [INFO] - Starting keyboard monitoring...
[2025-07-24 10:23:45,306] [main] [INFO] - Autocorrect system started successfully
[2025-07-24 10:23:45,357] [keyboard_monitor] [ERROR] - Keyboard monitoring error: threads can only be started once
[2025-07-24 10:37:16,040] [memory_module] [INFO] - Database initialized successfully
[2025-07-24 10:37:16,040] [text_processor] [INFO] - Initializing ML correction engine...
[2025-07-24 10:37:16,056] [urllib3.connectionpool] [DEBUG] - Starting new HTTPS connection (1): huggingface.co:443
[2025-07-24 10:37:16,910] [urllib3.connectionpool] [DEBUG] - https://huggingface.co:443 "HEAD /facebook/bart-base/resolve/main/config.json HTTP/1.1" 307 0
[2025-07-24 10:37:17,068] [urllib3.connectionpool] [DEBUG] - https://huggingface.co:443 "HEAD /api/resolve-cache/models/facebook/bart-base/aadd2ab0ae0c8268c7c9693540e9904811f36177/config.json HTTP/1.1" 200 0
[2025-07-24 10:37:18,617] [tensorflow] [WARNING] - From C:\Program Files\Python312\Lib\site-packages\tf_keras\src\losses.py:2976: The name tf.losses.sparse_softmax_cross_entropy is deprecated. Please use tf.compat.v1.losses.sparse_softmax_cross_entropy instead.

[2025-07-24 10:37:19,503] [urllib3.connectionpool] [DEBUG] - https://huggingface.co:443 "HEAD /facebook/bart-base/resolve/main/generation_config.json HTTP/1.1" 404 0
[2025-07-24 10:37:19,832] [urllib3.connectionpool] [DEBUG] - https://huggingface.co:443 "HEAD /facebook/bart-base/resolve/main/custom_generate/generate.py HTTP/1.1" 404 0
[2025-07-24 10:37:20,130] [urllib3.connectionpool] [DEBUG] - https://huggingface.co:443 "GET /api/models/facebook/bart-base/tree/main/additional_chat_templates?recursive=False&expand=False HTTP/1.1" 404 64
[2025-07-24 10:37:20,289] [text_processor] [INFO] - ML engine initialized successfully
[2025-07-24 10:37:20,289] [text_processor] [DEBUG] - Entered process_text() — debug logging is active
[2025-07-24 10:37:20,289] [main] [INFO] - Autocorrect system initialized and running
[2025-07-24 10:37:20,310] [main] [INFO] - Autocorrect system started successfully
[2025-07-24 10:37:20,341] [keyboard_monitor] [INFO] - Keyboard monitoring started.
[2025-07-24 10:37:33,485] [text_processor] [DEBUG] - MLCorrector.active - ready to process
[2025-07-24 10:37:34,526] [text_processor] [DEBUG] - ML returned no correction for 'nnoott'
[2025-07-24 10:37:44,476] [text_processor] [DEBUG] - MLCorrector.active - ready to process
[2025-07-24 10:37:45,396] [text_processor] [DEBUG] - ML returned no correction for 'tetehh'
[2025-07-24 10:37:52,007] [text_processor] [DEBUG] - MLCorrector.active - ready to process
[2025-07-24 10:37:53,224] [text_processor] [DEBUG] - ML returned no correction for 'tteehh'
[2025-07-24 10:37:56,209] [text_processor] [DEBUG] - MLCorrector.active - ready to process
[2025-07-24 10:37:57,589] [text_processor] [DEBUG] - ML returned no correction for 'tthhee'
[2025-07-24 10:38:06,052] [text_processor] [DEBUG] - MLCorrector.active - ready to process
[2025-07-24 10:38:07,616] [text_processor] [DEBUG] - ML returned no correction for 'ookk'
[2025-07-24 10:38:19,067] [text_processor] [DEBUG] - MLCorrector.active - ready to process
[2025-07-24 10:38:19,124] [keyboard_monitor] [DEBUG] - Completed word: 'e'
[2025-07-24 10:38:19,124] [keyboard_monitor] [ERROR] - Error in on_key_release: 'KeyboardMonitor' object has no attribute 'text_processor'
[2025-07-24 10:38:20,880] [text_processor] [DEBUG] - ML returned no correction for 'cththe'
[2025-07-24 10:38:21,854] [text_processor] [DEBUG] - MLCorrector.active - ready to process
[2025-07-24 10:38:22,317] [text_processor] [DEBUG] - MLCorrector.active - ready to process
[2025-07-24 10:38:22,409] [keyboard_monitor] [DEBUG] - Completed word: 's'
[2025-07-24 10:38:22,411] [keyboard_monitor] [ERROR] - Error in on_key_release: 'KeyboardMonitor' object has no attribute 'text_processor'
[2025-07-24 10:38:24,635] [text_processor] [DEBUG] - ML returned no correction for 'MMLl'
[2025-07-24 10:38:25,014] [text_processor] [DEBUG] - MLCorrector.active - ready to process
[2025-07-24 10:38:25,117] [text_processor] [DEBUG] - ML returned no correction for 'iis'
[2025-07-24 10:38:27,643] [text_injector] [DEBUG] - Successfully replaced 'spprorocceessssiingng' with 'spprorocceessssiing'
[2025-07-24 10:38:27,660] [main] [INFO] - Applied correction: 'spprorocceessssiingng' -> 'spprorocceessssiing'
[2025-07-24 10:38:39,623] [text_processor] [DEBUG] - MLCorrector.active - ready to process
[2025-07-24 10:38:40,890] [text_processor] [DEBUG] - MLCorrector.active - ready to process
[2025-07-24 10:38:42,177] [text_processor] [DEBUG] - MLCorrector.active - ready to process
[2025-07-24 10:38:42,593] [text_injector] [DEBUG] - Successfully replaced 'doummll' with 'MMLl'
[2025-07-24 10:38:42,611] [main] [INFO] - Applied correction: 'doummll' -> 'MMLl'
[2025-07-24 10:38:44,607] [text_processor] [DEBUG] - ML returned no correction for 'ii'
[2025-07-24 10:38:44,976] [text_processor] [DEBUG] - MLCorrector.active - ready to process
[2025-07-24 10:38:45,568] [text_processor] [DEBUG] - ML returned no correction for 'dd'
[2025-07-24 10:38:45,848] [text_processor] [DEBUG] - MLCorrector.active - ready to process
[2025-07-24 10:38:45,927] [keyboard_monitor] [DEBUG] - Completed word: 's'
[2025-07-24 10:38:45,927] [keyboard_monitor] [ERROR] - Error in on_key_release: 'KeyboardMonitor' object has no attribute 'text_processor'
[2025-07-24 10:38:48,348] [text_processor] [DEBUG] - ML returned no correction for 'll'
[2025-07-24 10:38:48,486] [text_processor] [DEBUG] - MLCorrector.active - ready to process
[2025-07-24 10:38:48,994] [text_processor] [DEBUG] - ML returned no correction for 'iis'
[2025-07-24 10:38:50,847] [text_processor] [DEBUG] - MLCorrector.active - ready to process
[2025-07-24 10:38:51,019] [text_processor] [DEBUG] - ML returned no correction for 'spprroocceessssiinngg'
[2025-07-24 10:38:53,008] [text_processor] [DEBUG] - ML returned no correction for 'dodouubbllee'
[2025-07-24 10:38:53,518] [text_processor] [DEBUG] - MLCorrector.active - ready to process
[2025-07-24 10:38:54,200] [text_processor] [DEBUG] - MLCorrector.active - ready to process
[2025-07-24 10:38:54,322] [keyboard_monitor] [DEBUG] - Completed word: 'd'
[2025-07-24 10:38:54,322] [keyboard_monitor] [ERROR] - Error in on_key_release: 'KeyboardMonitor' object has no attribute 'text_processor'
[2025-07-24 10:38:54,918] [text_processor] [DEBUG] - MLCorrector.active - ready to process
[2025-07-24 10:38:57,342] [text_processor] [DEBUG] - ML returned no correction for 'chchaarraaccttererss'
[2025-07-24 10:38:58,489] [text_processor] [DEBUG] - ML returned no correction for 'anand'
[2025-07-24 10:38:58,989] [text_processor] [DEBUG] - ML returned no correction for 'dnnotot'
[2025-07-24 10:38:59,259] [text_processor] [DEBUG] - MLCorrector.active - ready to process
[2025-07-24 10:38:59,811] [text_processor] [DEBUG] - MLCorrector.active - ready to process
[2025-07-24 10:39:02,544] [text_processor] [DEBUG] - ML returned no correction for 'chchananggiingng'
[2025-07-24 10:39:03,216] [text_injector] [DEBUG] - Successfully replaced 'toto' with 'dnnotot'
[2025-07-24 10:39:03,230] [main] [INFO] - Applied correction: 'toto' -> 'dnnotot'
[2025-07-24 10:39:08,192] [text_processor] [DEBUG] - MLCorrector.active - ready to process
[2025-07-24 10:39:10,314] [text_processor] [DEBUG] - ML returned no correction for 'rrananddoorrananddoomm'
[2025-07-24 10:39:12,989] [text_processor] [DEBUG] - MLCorrector.active - ready to process
[2025-07-24 10:39:13,067] [keyboard_monitor] [DEBUG] - Completed word: 'd'
[2025-07-24 10:39:13,067] [keyboard_monitor] [ERROR] - Error in on_key_release: 'KeyboardMonitor' object has no attribute 'text_processor'
[2025-07-24 10:39:15,129] [text_processor] [DEBUG] - ML returned no correction for 'jjuummbblleed'
[2025-07-24 10:39:18,281] [text_processor] [DEBUG] - MLCorrector.active - ready to process
[2025-07-24 10:39:19,366] [text_processor] [DEBUG] - MLCorrector.active - ready to process
[2025-07-24 10:39:21,257] [text_processor] [DEBUG] - ML returned no correction for 'dwworrddss'
[2025-07-24 10:39:22,171] [text_processor] [DEBUG] - MLCorrector.active - ready to process
[2025-07-24 10:39:22,435] [text_processor] [DEBUG] - ML returned no correction for 'lliikeke'
[2025-07-24 10:39:24,671] [text_injector] [DEBUG] - Successfully replaced 'tthhiiss' with 'this'
[2025-07-24 10:39:24,685] [main] [INFO] - Applied correction: 'tthhiiss' -> 'this'
[2025-07-24 10:39:58,572] [text_processor] [DEBUG] - MLCorrector.active - ready to process
[2025-07-24 10:40:00,868] [text_injector] [DEBUG] - Successfully replaced 'tethhe' with 'text:'
[2025-07-24 10:40:00,870] [main] [INFO] - Applied correction: 'tethhe' -> 'text:'
[2025-07-24 10:40:05,797] [text_processor] [DEBUG] - MLCorrector.active - ready to process
[2025-07-24 10:40:08,106] [text_injector] [DEBUG] - Successfully replaced 'tthhee' with 'tethhe'
[2025-07-24 10:40:08,119] [main] [INFO] - Applied correction: 'tthhee' -> 'tethhe'
[2025-07-24 10:40:16,339] [text_processor] [DEBUG] - MLCorrector.active - ready to process
[2025-07-24 10:40:18,376] [text_processor] [DEBUG] - ML returned no correction for 'tthhee'
[2025-07-24 10:40:27,179] [text_processor] [DEBUG] - MLCorrector.active - ready to process
[2025-07-24 10:40:29,192] [text_processor] [DEBUG] - ML returned no correction for 'tteheh'
[2025-07-24 10:40:30,994] [text_processor] [DEBUG] - MLCorrector.active - ready to process
[2025-07-24 10:40:31,058] [keyboard_monitor] [DEBUG] - Completed word: 'e'
[2025-07-24 10:40:31,058] [keyboard_monitor] [ERROR] - Error in on_key_release: 'KeyboardMonitor' object has no attribute 'text_processor'
[2025-07-24 10:40:32,876] [text_processor] [DEBUG] - ML returned no correction for 'ththe'
[2025-07-24 10:40:34,810] [text_processor] [DEBUG] - MLCorrector.active - ready to process
[2025-07-24 10:40:36,662] [text_processor] [DEBUG] - ML returned no correction for 'ellmmaaoo'
[2025-07-24 10:40:38,665] [text_processor] [DEBUG] - MLCorrector.active - ready to process
[2025-07-24 10:40:40,539] [text_processor] [DEBUG] - ML returned no correction for 'llooll'
[2025-07-24 10:40:43,003] [text_processor] [DEBUG] - MLCorrector.active - ready to process
[2025-07-24 10:40:45,010] [text_processor] [DEBUG] - ML returned no correction for 'bbiittchch'
[2025-07-24 10:41:09,996] [text_processor] [DEBUG] - MLCorrector.active - ready to process
[2025-07-24 10:41:11,962] [text_processor] [DEBUG] - ML returned no correction for 'ookk'
[2025-07-24 10:41:20,731] [text_processor] [DEBUG] - MLCorrector.active - ready to process
[2025-07-24 10:41:23,127] [text_injector] [DEBUG] - Successfully replaced 'jjuummpppepedd' with 'jjuummpppe'
[2025-07-24 10:41:23,135] [main] [INFO] - Applied correction: 'jjuummpppepedd' -> 'jjuummpppe'
[2025-07-24 10:41:31,672] [text_processor] [DEBUG] - MLCorrector.active - ready to process
[2025-07-24 10:41:33,801] [text_processor] [DEBUG] - ML returned no correction for 'jjuummpppepedd'
[2025-07-24 10:41:38,097] [text_processor] [DEBUG] - MLCorrector.active - ready to process
[2025-07-24 10:41:40,533] [text_injector] [DEBUG] - Successfully replaced 'jjuummppppeedd' with 'jjuummpppepedd'
[2025-07-24 10:41:40,540] [main] [INFO] - Applied correction: 'jjuummppppeedd' -> 'jjuummpppepedd'
[2025-07-24 10:42:17,080] [text_processor] [DEBUG] - MLCorrector.active - ready to process
[2025-07-24 10:42:19,321] [text_processor] [DEBUG] - ML returned no correction for 'foonn__kkeeyy_-rrelelv'
[2025-07-24 10:42:20,256] [text_processor] [DEBUG] - MLCorrector.active - ready to process
[2025-07-24 10:42:22,451] [text_processor] [DEBUG] - ML returned no correction for 'jjuummpppepedd'
[2025-07-24 10:42:35,873] [text_processor] [DEBUG] - MLCorrector.active - ready to process
[2025-07-24 10:42:38,128] [text_injector] [DEBUG] - Successfully replaced 'nnaappee' with 'nnaappeejjjuum'
[2025-07-24 10:42:38,138] [main] [INFO] - Applied correction: 'nnaappee' -> 'nnaappeejjjuum'
[2025-07-24 10:43:51,130] [text_processor] [DEBUG] - MLCorrector.active - ready to process
[2025-07-24 10:43:53,262] [text_processor] [DEBUG] - ML returned no correction for 'sseeggggss'
[2025-07-24 10:43:58,385] [text_processor] [DEBUG] - MLCorrector.active - ready to process
[2025-07-24 10:44:00,545] [text_processor] [DEBUG] - ML returned no correction for 'sesexxxx'
[2025-07-24 10:44:07,051] [text_processor] [DEBUG] - MLCorrector.active - ready to process
[2025-07-24 10:44:09,445] [text_injector] [DEBUG] - Successfully replaced 'hhuummppeerr' with 'jjuummpppepedd'
[2025-07-24 10:44:09,453] [main] [INFO] - Applied correction: 'hhuummppeerr' -> 'jjuummpppepedd'
[2025-07-24 10:44:11,621] [text_processor] [DEBUG] - MLCorrector.active - ready to process
[2025-07-24 10:44:14,303] [text_injector] [DEBUG] - Successfully replaced 'jJummpppepedd' with 'jjuummpppepedd'
[2025-07-24 10:44:14,317] [main] [INFO] - Applied correction: 'jJummpppepedd' -> 'jjuummpppepedd'
[2025-07-24 10:44:15,113] [text_processor] [DEBUG] - MLCorrector.active - ready to process
[2025-07-24 10:44:17,532] [text_injector] [DEBUG] - Successfully replaced 'jjuummpppepedd' with 'jJuummpp'
[2025-07-24 10:44:17,542] [main] [INFO] - Applied correction: 'jjuummpppepedd' -> 'jJuummpp'
[2025-07-24 10:44:38,872] [keyboard_monitor] [INFO] - Keyboard monitoring stopped.
[2025-07-24 10:44:38,872] [main] [INFO] - Autocorrect system stopped
